<?xml version="1.0" encoding="UTF-8"?>
<coverage generated="1584382624871" clover="3.2.0">
  <project timestamp="1584382624871" name="All files">
    <metrics statements="13" coveredstatements="9" conditionals="0" coveredconditionals="0" methods="10" coveredmethods="6" elements="23" coveredelements="15" complexity="0" loc="13" ncloc="13" packages="1" files="4" classes="4"/>
    <file name="App.jsx" path="/Users/siyun/hrsf126/service-reviews/client/src/components/App.jsx">
      <metrics statements="7" coveredstatements="5" conditionals="0" coveredconditionals="0" methods="6" coveredmethods="4"/>
      <line num="9" count="2" type="stmt"/>
      <line num="10" count="2" type="stmt"/>
      <line num="16" count="3" type="stmt"/>
      <line num="20" count="2" type="stmt"/>
      <line num="23" count="0" type="stmt"/>
      <line num="24" count="0" type="stmt"/>
      <line num="29" count="3" type="stmt"/>
    </file>
    <file name="Form.jsx" path="/Users/siyun/hrsf126/service-reviews/client/src/components/Form.jsx">
      <metrics statements="2" coveredstatements="1" conditionals="0" coveredconditionals="0" methods="1" coveredmethods="0"/>
      <line num="3" count="1" type="stmt"/>
      <line num="4" count="0" type="stmt"/>
    </file>
    <file name="Review.jsx" path="/Users/siyun/hrsf126/service-reviews/client/src/components/Review.jsx">
      <metrics statements="2" coveredstatements="1" conditionals="0" coveredconditionals="0" methods="1" coveredmethods="0"/>
      <line num="3" count="2" type="stmt"/>
      <line num="4" count="0" type="stmt"/>
    </file>
    <file name="ReviewList.jsx" path="/Users/siyun/hrsf126/service-reviews/client/src/components/ReviewList.jsx">
      <metrics statements="2" coveredstatements="2" conditionals="0" coveredconditionals="0" methods="2" coveredmethods="2"/>
      <line num="5" count="2" type="stmt"/>
      <line num="6" count="3" type="stmt"/>
    </file>
  </project>
</coverage>
