{"/Users/siyun/hrsf126/service-reviews/client/src/components/App.jsx": {"path":"/Users/siyun/hrsf126/service-reviews/client/src/components/App.jsx","statementMap":{"0":{"start":{"line":9,"column":4},"end":{"line":9,"column":17}},"1":{"start":{"line":10,"column":4},"end":{"line":12,"column":5}},"2":{"start":{"line":16,"column":4},"end":{"line":16,"column":22}},"3":{"start":{"line":20,"column":4},"end":{"line":25,"column":6}},"4":{"start":{"line":23,"column":29},"end":{"line":23,"column":62}},"5":{"start":{"line":24,"column":23},"end":{"line":24,"column":67}},"6":{"start":{"line":29,"column":4},"end":{"line":35,"column":6}}},"fnMap":{"0":{"name":"(anonymous_0)","decl":{"start":{"line":8,"column":2},"end":{"line":8,"column":3}},"loc":{"start":{"line":8,"column":21},"end":{"line":13,"column":3}},"line":8},"1":{"name":"(anonymous_1)","decl":{"start":{"line":15,"column":2},"end":{"line":15,"column":3}},"loc":{"start":{"line":15,"column":22},"end":{"line":17,"column":3}},"line":15},"2":{"name":"(anonymous_2)","decl":{"start":{"line":19,"column":2},"end":{"line":19,"column":3}},"loc":{"start":{"line":19,"column":15},"end":{"line":26,"column":3}},"line":19},"3":{"name":"(anonymous_3)","decl":{"start":{"line":23,"column":15},"end":{"line":23,"column":16}},"loc":{"start":{"line":23,"column":28},"end":{"line":23,"column":63}},"line":23},"4":{"name":"(anonymous_4)","decl":{"start":{"line":24,"column":13},"end":{"line":24,"column":14}},"loc":{"start":{"line":24,"column":23},"end":{"line":24,"column":67}},"line":24},"5":{"name":"(anonymous_5)","decl":{"start":{"line":28,"column":2},"end":{"line":28,"column":3}},"loc":{"start":{"line":28,"column":11},"end":{"line":36,"column":3}},"line":28}},"branchMap":{},"s":{"0":2,"1":2,"2":3,"3":2,"4":0,"5":0,"6":3},"f":{"0":2,"1":3,"2":2,"3":0,"4":0,"5":3},"b":{},"_coverageSchema":"1a1c01bbd47fc00a2c39e90264f33305004495a9","hash":"e1cd40dc334b0ed837919ab5bfa9f8f82de41dcc"}
,"/Users/siyun/hrsf126/service-reviews/client/src/components/Form.jsx": {"path":"/Users/siyun/hrsf126/service-reviews/client/src/components/Form.jsx","statementMap":{"0":{"start":{"line":3,"column":13},"end":{"line":10,"column":1}},"1":{"start":{"line":4,"column":2},"end":{"line":9,"column":3}}},"fnMap":{"0":{"name":"(anonymous_0)","decl":{"start":{"line":3,"column":13},"end":{"line":3,"column":14}},"loc":{"start":{"line":3,"column":19},"end":{"line":10,"column":1}},"line":3}},"branchMap":{},"s":{"0":1,"1":0},"f":{"0":0},"b":{},"_coverageSchema":"1a1c01bbd47fc00a2c39e90264f33305004495a9","hash":"eff855837ab626e56a96849cfd34fdb779d4b74c"}
,"/Users/siyun/hrsf126/service-reviews/client/src/components/Review.jsx": {"path":"/Users/siyun/hrsf126/service-reviews/client/src/components/Review.jsx","statementMap":{"0":{"start":{"line":3,"column":20},"end":{"line":13,"column":1}},"1":{"start":{"line":4,"column":2},"end":{"line":12,"column":3}}},"fnMap":{"0":{"name":"(anonymous_0)","decl":{"start":{"line":3,"column":20},"end":{"line":3,"column":21}},"loc":{"start":{"line":3,"column":31},"end":{"line":13,"column":1}},"line":3}},"branchMap":{},"s":{"0":2,"1":0},"f":{"0":0},"b":{},"_coverageSchema":"1a1c01bbd47fc00a2c39e90264f33305004495a9","hash":"8b6148b63a0f4b40bf8711252b4dc6d022d8fd0a"}
,"/Users/siyun/hrsf126/service-reviews/client/src/components/ReviewList.jsx": {"path":"/Users/siyun/hrsf126/service-reviews/client/src/components/ReviewList.jsx","statementMap":{"0":{"start":{"line":5,"column":19},"end":{"line":7,"column":1}},"1":{"start":{"line":6,"column":2},"end":{"line":6,"column":105}},"2":{"start":{"line":6,"column":47},"end":{"line":6,"column":95}}},"fnMap":{"0":{"name":"(anonymous_0)","decl":{"start":{"line":5,"column":19},"end":{"line":5,"column":20}},"loc":{"start":{"line":5,"column":30},"end":{"line":7,"column":1}},"line":5},"1":{"name":"(anonymous_1)","decl":{"start":{"line":6,"column":34},"end":{"line":6,"column":35}},"loc":{"start":{"line":6,"column":47},"end":{"line":6,"column":95}},"line":6}},"branchMap":{},"s":{"0":2,"1":1,"2":3},"f":{"0":1,"1":3},"b":{},"_coverageSchema":"1a1c01bbd47fc00a2c39e90264f33305004495a9","hash":"281bfc1787650088281e3214ceb02a7c411ccca6"}
}
